<?xml version="1.0" encoding="UTF-8"?><testsuite failures="1" name="cucumber.runtime.formatter.JUnitFormatter" skipped="0" tests="1" time="12.308592">
<testcase classname="Discover content" name="An unauthenticated guest views the Discover page" time="12.308592">
<failure message="org.openqa.selenium.TimeoutException: Timed out after 10 seconds waiting for element to be clickable: By.cssSelector: li#nav-discover a&#10;Build info: version: '2.45.0', revision: '5017cb8e7ca8e37638dc3091b2440b90a1d8686f', time: '2015-02-27 09:10:26'&#10;System info: host: 'Sauces-MacBook-Air-2.local', ip: '10.35.5.153', os.name: 'Mac OS X', os.arch: 'x86_64', os.version: '10.10.5', java.version: '1.8.0_45'&#10;Driver info: org.openqa.selenium.remote.RemoteWebDriver$$EnhancerByCGLIB$$96944699&#10;Capabilities [{applicationCacheEnabled=true, rotatable=false, hasMetadata=true, databaseEnabled=true, handlesAlerts=true, version=40.0, platform=LINUX, nativeEvents=false, acceptSslCerts=true, webdriver.remote.sessionid=da613b6d3de5491d9591510dbe069ced, locationContextEnabled=true, webStorageEnabled=true, takesScreenshot=true, browserName=firefox, javascriptEnabled=true, cssSelectorsEnabled=true}]&#10;Session ID: da613b6d3de5491d9591510dbe069ced&#10;&#9;at org.openqa.selenium.support.ui.WebDriverWait.timeoutException(WebDriverWait.java:79)&#10;&#9;at org.openqa.selenium.support.ui.FluentWait.until(FluentWait.java:228)&#10;&#9;at org.openqa.selenium.support.ui.Wait$until.call(Unknown Source)&#10;&#9;at com.disney.studio.qa.stbx.pageobject.Page.waitUntilElementIsClickable(Page.groovy:392)&#10;&#9;at com.disney.studio.qa.stbx.pageobject.Page$waitUntilElementIsClickable$1.callCurrent(Unknown Source)&#10;&#9;at com.disney.studio.qa.stbx.pageobject.Page.waitUntilElementIsClickable(Page.groovy:407)&#10;&#9;at com.disney.studio.qa.stbx.pageobject.Page$waitUntilElementIsClickable$0.call(Unknown Source)&#10;&#9;at com.disney.studio.qa.stbx.pageobject.accessors.Html5Accessor.clickElement(Html5Accessor.groovy:81)&#10;&#9;at com.disney.studio.qa.stbx.pageobject.accessors.Html5Accessor.clickElement(Html5Accessor.groovy)&#10;&#9;at com.disney.studio.qa.stbx.pageobject.accessors.Accessor$clickElement$0.callCurrent(Unknown Source)&#10;&#9;at com.disney.studio.qa.stbx.pageobject.accessors.Html5Accessor.clickLink(Html5Accessor.groovy:100)&#10;&#9;at com.disney.studio.qa.stbx.pageobject.accessors.Accessor$clickLink.call(Unknown Source)&#10;&#9;at com.disney.studio.qa.stbx.pageobject.Page.clickLink(Page.groovy:114)&#10;&#9;at com.disney.studio.qa.stbx.pageobject.Page$clickLink.callCurrent(Unknown Source)&#10;&#9;at studiotech.pages.DmaBasePage.clickDiscoverLink(DmaBasePage.groovy:81)&#10;&#9;at studiotech.pages.DmaBasePage$clickDiscoverLink.call(Unknown Source)&#10;&#9;at studiotech.dsl.DmaDSL.navigateToPage(DmaDSL.groovy:64)&#10;&#9;at studiotech.dsl.DmaDSL.navigateToPage(DmaDSL.groovy:53)&#10;&#9;at studiotech.dsl.DmaDSL$navigateToPage.call(Unknown Source)&#10;&#9;at studiotech.steps.NavigateSteps$_run_closure1.doCall(NavigateSteps.groovy:10)&#10;&#9;at ✽.Given an unauthenticated guest has navigated to the discover page(features/discover/discover.feature:8)&#10;Caused by: org.openqa.selenium.NoSuchElementException: Unable to locate element: {&quot;method&quot;:&quot;css selector&quot;,&quot;selector&quot;:&quot;li#nav-discover a&quot;}&#10;For documentation on this error, please visit: http://seleniumhq.org/exceptions/no_such_element.html&#10;Build info: version: '2.47.1', revision: '411b314', time: '2015-07-30 03:03:16'&#10;System info: host: 'chef', ip: '127.0.1.1', os.name: 'Linux', os.arch: 'i386', os.version: '3.13.0-32-generic', java.version: '1.8.0_60'&#10;Driver info: driver.version: unknown&#10;Command duration or timeout: 57 milliseconds&#10;For documentation on this error, please visit: http://seleniumhq.org/exceptions/no_such_element.html&#10;Build info: version: '2.45.0', revision: '5017cb8e7ca8e37638dc3091b2440b90a1d8686f', time: '2015-02-27 09:10:26'&#10;System info: host: 'Sauces-MacBook-Air-2.local', ip: '10.35.5.153', os.name: 'Mac OS X', os.arch: 'x86_64', os.version: '10.10.5', java.version: '1.8.0_45'&#10;Driver info: org.openqa.selenium.remote.RemoteWebDriver&#10;Capabilities [{applicationCacheEnabled=true, rotatable=false, hasMetadata=true, databaseEnabled=true, handlesAlerts=true, version=40.0, platform=LINUX, nativeEvents=false, acceptSslCerts=true, webdriver.remote.sessionid=da613b6d3de5491d9591510dbe069ced, locationContextEnabled=true, webStorageEnabled=true, takesScreenshot=true, browserName=firefox, javascriptEnabled=true, cssSelectorsEnabled=true}]&#10;Session ID: da613b6d3de5491d9591510dbe069ced&#10;*** Element info: {Using=css selector, value=li#nav-discover a}&#10;&#9;at org.openqa.selenium.remote.ErrorHandler.createThrowable(ErrorHandler.java:204)&#10;&#9;at org.openqa.selenium.remote.ErrorHandler.throwIfResponseFailed(ErrorHandler.java:156)&#10;&#9;at org.openqa.selenium.remote.RemoteWebDriver.execute(RemoteWebDriver.java:599)&#10;&#9;at org.openqa.selenium.remote.RemoteWebDriver.findElement(RemoteWebDriver.java:352)&#10;&#9;at org.openqa.selenium.remote.RemoteWebDriver.findElementByCssSelector(RemoteWebDriver.java:441)&#10;&#9;at org.openqa.selenium.By$ByCssSelector.findElement(By.java:425)&#10;&#9;at org.openqa.selenium.remote.RemoteWebDriver.findElement(RemoteWebDriver.java:344)&#10;&#9;at org.openqa.selenium.remote.Augmenter$CompoundHandler.intercept(Augmenter.java:191)&#10;&#9;at org.openqa.selenium.remote.RemoteWebDriver$$EnhancerByCGLIB$$96944699.findElement(&lt;generated&gt;)&#10;&#9;at org.openqa.selenium.support.ui.ExpectedConditions.findElement(ExpectedConditions.java:730)&#10;&#9;at org.openqa.selenium.support.ui.ExpectedConditions.access$000(ExpectedConditions.java:39)&#10;&#9;at org.openqa.selenium.support.ui.ExpectedConditions$4.apply(ExpectedConditions.java:130)&#10;&#9;at org.openqa.selenium.support.ui.ExpectedConditions$4.apply(ExpectedConditions.java:126)&#10;&#9;at org.openqa.selenium.support.ui.ExpectedConditions$17.apply(ExpectedConditions.java:528)&#10;&#9;at org.openqa.selenium.support.ui.ExpectedConditions$17.apply(ExpectedConditions.java:521)&#10;&#9;at org.openqa.selenium.support.ui.FluentWait.until(FluentWait.java:208)&#10;&#9;at org.openqa.selenium.support.ui.Wait$until.call(Unknown Source)&#10;&#9;at com.disney.studio.qa.stbx.pageobject.Page.waitUntilElementIsClickable(Page.groovy:392)&#10;&#9;at com.disney.studio.qa.stbx.pageobject.Page$waitUntilElementIsClickable$1.callCurrent(Unknown Source)&#10;&#9;at com.disney.studio.qa.stbx.pageobject.Page.waitUntilElementIsClickable(Page.groovy:407)&#10;&#9;at com.disney.studio.qa.stbx.pageobject.Page$waitUntilElementIsClickable$0.call(Unknown Source)&#10;&#9;at com.disney.studio.qa.stbx.pageobject.accessors.Html5Accessor.clickElement(Html5Accessor.groovy:81)&#10;&#9;at com.disney.studio.qa.stbx.pageobject.accessors.Html5Accessor.clickElement(Html5Accessor.groovy)&#10;&#9;at com.disney.studio.qa.stbx.pageobject.accessors.Accessor$clickElement$0.callCurrent(Unknown Source)&#10;&#9;at com.disney.studio.qa.stbx.pageobject.accessors.Html5Accessor.clickLink(Html5Accessor.groovy:100)&#10;&#9;at com.disney.studio.qa.stbx.pageobject.accessors.Accessor$clickLink.call(Unknown Source)&#10;&#9;at com.disney.studio.qa.stbx.pageobject.Page.clickLink(Page.groovy:114)&#10;&#9;at com.disney.studio.qa.stbx.pageobject.Page$clickLink.callCurrent(Unknown Source)&#10;&#9;at studiotech.pages.DmaBasePage.clickDiscoverLink(DmaBasePage.groovy:81)&#10;&#9;at studiotech.pages.DmaBasePage$clickDiscoverLink.call(Unknown Source)&#10;&#9;at studiotech.dsl.DmaDSL.navigateToPage(DmaDSL.groovy:64)&#10;&#9;at studiotech.dsl.DmaDSL.navigateToPage(DmaDSL.groovy:53)&#10;&#9;at studiotech.dsl.DmaDSL$navigateToPage.call(Unknown Source)&#10;&#9;at studiotech.steps.NavigateSteps$_run_closure1.doCall(NavigateSteps.groovy:10)&#10;&#9;at cucumber.runtime.groovy.GroovyBackend.invoke(GroovyBackend.java:155)&#10;&#9;at cucumber.runtime.groovy.GroovyStepDefinition$1.call(GroovyStepDefinition.java:71)&#10;&#9;at cucumber.runtime.Timeout.timeout(Timeout.java:13)&#10;&#9;at cucumber.runtime.groovy.GroovyStepDefinition.execute(GroovyStepDefinition.java:68)&#10;&#9;at cucumber.runtime.StepDefinitionMatch.runStep(StepDefinitionMatch.java:37)&#10;&#9;at cucumber.runtime.Runtime.runStep(Runtime.java:299)&#10;&#9;at cucumber.runtime.model.StepContainer.runStep(StepContainer.java:44)&#10;&#9;at cucumber.runtime.model.StepContainer.runSteps(StepContainer.java:39)&#10;&#9;at cucumber.runtime.model.CucumberScenario.run(CucumberScenario.java:44)&#10;&#9;at cucumber.runtime.junit.ExecutionUnitRunner.run(ExecutionUnitRunner.java:91)&#10;&#9;at cucumber.runtime.junit.FeatureRunner.runChild(FeatureRunner.java:63)&#10;&#9;at cucumber.runtime.junit.FeatureRunner.runChild(FeatureRunner.java:18)&#10;&#9;at org.junit.runners.ParentRunner$3.run(ParentRunner.java:238)&#10;&#9;at org.junit.runners.ParentRunner$1.schedule(ParentRunner.java:63)&#10;&#9;at org.junit.runners.ParentRunner.runChildren(ParentRunner.java:236)&#10;&#9;at org.junit.runners.ParentRunner.access$000(ParentRunner.java:53)&#10;&#9;at org.junit.runners.ParentRunner$2.evaluate(ParentRunner.java:229)&#10;&#9;at org.junit.runners.ParentRunner.run(ParentRunner.java:309)&#10;&#9;at cucumber.runtime.junit.FeatureRunner.run(FeatureRunner.java:70)&#10;&#9;at cucumber.api.junit.Cucumber.runChild(Cucumber.java:93)&#10;&#9;at cucumber.api.junit.Cucumber.runChild(Cucumber.java:37)&#10;&#9;at org.junit.runners.ParentRunner$3.run(ParentRunner.java:238)&#10;&#9;at org.junit.runners.ParentRunner$1.schedule(ParentRunner.java:63)&#10;&#9;at org.junit.runners.ParentRunner.runChildren(ParentRunner.java:236)&#10;&#9;at org.junit.runners.ParentRunner.access$000(ParentRunner.java:53)&#10;&#9;at org.junit.runners.ParentRunner$2.evaluate(ParentRunner.java:229)&#10;&#9;at org.junit.runners.ParentRunner.run(ParentRunner.java:309)&#10;&#9;at cucumber.api.junit.Cucumber.run(Cucumber.java:98)&#10;&#9;at org.apache.maven.surefire.junit4.JUnit4Provider.execute(JUnit4Provider.java:252)&#10;&#9;at org.apache.maven.surefire.junit4.JUnit4Provider.executeTestSet(JUnit4Provider.java:141)&#10;&#9;at org.apache.maven.surefire.junit4.JUnit4Provider.invoke(JUnit4Provider.java:112)&#10;&#9;at org.apache.maven.surefire.util.ReflectionUtils.invokeMethodWithArray(ReflectionUtils.java:189)&#10;&#9;at org.apache.maven.surefire.booter.ProviderFactory$ProviderProxy.invoke(ProviderFactory.java:165)&#10;&#9;at org.apache.maven.surefire.booter.ProviderFactory.invokeProvider(ProviderFactory.java:85)&#10;&#9;at org.apache.maven.surefire.booter.ForkedBooter.runSuitesInProcess(ForkedBooter.java:115)&#10;&#9;at org.apache.maven.surefire.booter.ForkedBooter.main(ForkedBooter.java:75)&#10;Caused by: org.openqa.selenium.NoSuchElementException: Unable to locate element: {&quot;method&quot;:&quot;css selector&quot;,&quot;selector&quot;:&quot;li#nav-discover a&quot;}&#10;For documentation on this error, please visit: http://seleniumhq.org/exceptions/no_such_element.html&#10;Build info: version: '2.47.1', revision: '411b314', time: '2015-07-30 03:03:16'&#10;System info: host: 'chef', ip: '127.0.1.1', os.name: 'Linux', os.arch: 'i386', os.version: '3.13.0-32-generic', java.version: '1.8.0_60'&#10;Driver info: driver.version: unknown&#10;For documentation on this error, please visit: http://seleniumhq.org/exceptions/no_such_element.html&#10;Build info: version: '2.45.0', revision: '5017cb8e7ca8e37638dc3091b2440b90a1d8686f', time: '2015-02-27 09:10:26'&#10;System info: host: 'Sauces-MacBook-Air-2.local', ip: '10.35.5.153', os.name: 'Mac OS X', os.arch: 'x86_64', os.version: '10.10.5', java.version: '1.8.0_45'&#10;Driver info: driver.version: unknown&#10;&#9;at &lt;anonymous class&gt;.FirefoxDriver.prototype.findElementInternal_(file:///tmp/anonymous1951905402085067634webdriver-profile/extensions/fxdriver@googlecode.com/components/driver-component.js:10667)&#10;&#9;at &lt;anonymous class&gt;.FirefoxDriver.prototype.findElement(file:///tmp/anonymous1951905402085067634webdriver-profile/extensions/fxdriver@googlecode.com/components/driver-component.js:10676)&#10;&#9;at &lt;anonymous class&gt;.DelayedCommand.prototype.executeInternal_/h(file:///tmp/anonymous1951905402085067634webdriver-profile/extensions/fxdriver@googlecode.com/components/command-processor.js:12643)&#10;&#9;at &lt;anonymous class&gt;.DelayedCommand.prototype.executeInternal_(file:///tmp/anonymous1951905402085067634webdriver-profile/extensions/fxdriver@googlecode.com/components/command-processor.js:12648)&#10;&#9;at &lt;anonymous class&gt;.DelayedCommand.prototype.execute/&lt;(file:///tmp/anonymous1951905402085067634webdriver-profile/extensions/fxdriver@googlecode.com/components/command-processor.js:12590)&#10;"><![CDATA[Given an unauthenticated guest has navigated to the discover page...........failed
Then the discover page shall be displayed...................................skipped

StackTrace:
org.openqa.selenium.TimeoutException: Timed out after 10 seconds waiting for element to be clickable: By.cssSelector: li#nav-discover a
Build info: version: '2.45.0', revision: '5017cb8e7ca8e37638dc3091b2440b90a1d8686f', time: '2015-02-27 09:10:26'
System info: host: 'Sauces-MacBook-Air-2.local', ip: '10.35.5.153', os.name: 'Mac OS X', os.arch: 'x86_64', os.version: '10.10.5', java.version: '1.8.0_45'
Driver info: org.openqa.selenium.remote.RemoteWebDriver$$EnhancerByCGLIB$$96944699
Capabilities [{applicationCacheEnabled=true, rotatable=false, hasMetadata=true, databaseEnabled=true, handlesAlerts=true, version=40.0, platform=LINUX, nativeEvents=false, acceptSslCerts=true, webdriver.remote.sessionid=da613b6d3de5491d9591510dbe069ced, locationContextEnabled=true, webStorageEnabled=true, takesScreenshot=true, browserName=firefox, javascriptEnabled=true, cssSelectorsEnabled=true}]
Session ID: da613b6d3de5491d9591510dbe069ced
	at org.openqa.selenium.support.ui.WebDriverWait.timeoutException(WebDriverWait.java:79)
	at org.openqa.selenium.support.ui.FluentWait.until(FluentWait.java:228)
	at org.openqa.selenium.support.ui.Wait$until.call(Unknown Source)
	at com.disney.studio.qa.stbx.pageobject.Page.waitUntilElementIsClickable(Page.groovy:392)
	at com.disney.studio.qa.stbx.pageobject.Page$waitUntilElementIsClickable$1.callCurrent(Unknown Source)
	at com.disney.studio.qa.stbx.pageobject.Page.waitUntilElementIsClickable(Page.groovy:407)
	at com.disney.studio.qa.stbx.pageobject.Page$waitUntilElementIsClickable$0.call(Unknown Source)
	at com.disney.studio.qa.stbx.pageobject.accessors.Html5Accessor.clickElement(Html5Accessor.groovy:81)
	at com.disney.studio.qa.stbx.pageobject.accessors.Html5Accessor.clickElement(Html5Accessor.groovy)
	at com.disney.studio.qa.stbx.pageobject.accessors.Accessor$clickElement$0.callCurrent(Unknown Source)
	at com.disney.studio.qa.stbx.pageobject.accessors.Html5Accessor.clickLink(Html5Accessor.groovy:100)
	at com.disney.studio.qa.stbx.pageobject.accessors.Accessor$clickLink.call(Unknown Source)
	at com.disney.studio.qa.stbx.pageobject.Page.clickLink(Page.groovy:114)
	at com.disney.studio.qa.stbx.pageobject.Page$clickLink.callCurrent(Unknown Source)
	at studiotech.pages.DmaBasePage.clickDiscoverLink(DmaBasePage.groovy:81)
	at studiotech.pages.DmaBasePage$clickDiscoverLink.call(Unknown Source)
	at studiotech.dsl.DmaDSL.navigateToPage(DmaDSL.groovy:64)
	at studiotech.dsl.DmaDSL.navigateToPage(DmaDSL.groovy:53)
	at studiotech.dsl.DmaDSL$navigateToPage.call(Unknown Source)
	at studiotech.steps.NavigateSteps$_run_closure1.doCall(NavigateSteps.groovy:10)
	at ✽.Given an unauthenticated guest has navigated to the discover page(features/discover/discover.feature:8)
Caused by: org.openqa.selenium.NoSuchElementException: Unable to locate element: {"method":"css selector","selector":"li#nav-discover a"}
For documentation on this error, please visit: http://seleniumhq.org/exceptions/no_such_element.html
Build info: version: '2.47.1', revision: '411b314', time: '2015-07-30 03:03:16'
System info: host: 'chef', ip: '127.0.1.1', os.name: 'Linux', os.arch: 'i386', os.version: '3.13.0-32-generic', java.version: '1.8.0_60'
Driver info: driver.version: unknown
Command duration or timeout: 57 milliseconds
For documentation on this error, please visit: http://seleniumhq.org/exceptions/no_such_element.html
Build info: version: '2.45.0', revision: '5017cb8e7ca8e37638dc3091b2440b90a1d8686f', time: '2015-02-27 09:10:26'
System info: host: 'Sauces-MacBook-Air-2.local', ip: '10.35.5.153', os.name: 'Mac OS X', os.arch: 'x86_64', os.version: '10.10.5', java.version: '1.8.0_45'
Driver info: org.openqa.selenium.remote.RemoteWebDriver
Capabilities [{applicationCacheEnabled=true, rotatable=false, hasMetadata=true, databaseEnabled=true, handlesAlerts=true, version=40.0, platform=LINUX, nativeEvents=false, acceptSslCerts=true, webdriver.remote.sessionid=da613b6d3de5491d9591510dbe069ced, locationContextEnabled=true, webStorageEnabled=true, takesScreenshot=true, browserName=firefox, javascriptEnabled=true, cssSelectorsEnabled=true}]
Session ID: da613b6d3de5491d9591510dbe069ced
*** Element info: {Using=css selector, value=li#nav-discover a}
	at org.openqa.selenium.remote.ErrorHandler.createThrowable(ErrorHandler.java:204)
	at org.openqa.selenium.remote.ErrorHandler.throwIfResponseFailed(ErrorHandler.java:156)
	at org.openqa.selenium.remote.RemoteWebDriver.execute(RemoteWebDriver.java:599)
	at org.openqa.selenium.remote.RemoteWebDriver.findElement(RemoteWebDriver.java:352)
	at org.openqa.selenium.remote.RemoteWebDriver.findElementByCssSelector(RemoteWebDriver.java:441)
	at org.openqa.selenium.By$ByCssSelector.findElement(By.java:425)
	at org.openqa.selenium.remote.RemoteWebDriver.findElement(RemoteWebDriver.java:344)
	at org.openqa.selenium.remote.Augmenter$CompoundHandler.intercept(Augmenter.java:191)
	at org.openqa.selenium.remote.RemoteWebDriver$$EnhancerByCGLIB$$96944699.findElement(<generated>)
	at org.openqa.selenium.support.ui.ExpectedConditions.findElement(ExpectedConditions.java:730)
	at org.openqa.selenium.support.ui.ExpectedConditions.access$000(ExpectedConditions.java:39)
	at org.openqa.selenium.support.ui.ExpectedConditions$4.apply(ExpectedConditions.java:130)
	at org.openqa.selenium.support.ui.ExpectedConditions$4.apply(ExpectedConditions.java:126)
	at org.openqa.selenium.support.ui.ExpectedConditions$17.apply(ExpectedConditions.java:528)
	at org.openqa.selenium.support.ui.ExpectedConditions$17.apply(ExpectedConditions.java:521)
	at org.openqa.selenium.support.ui.FluentWait.until(FluentWait.java:208)
	at org.openqa.selenium.support.ui.Wait$until.call(Unknown Source)
	at com.disney.studio.qa.stbx.pageobject.Page.waitUntilElementIsClickable(Page.groovy:392)
	at com.disney.studio.qa.stbx.pageobject.Page$waitUntilElementIsClickable$1.callCurrent(Unknown Source)
	at com.disney.studio.qa.stbx.pageobject.Page.waitUntilElementIsClickable(Page.groovy:407)
	at com.disney.studio.qa.stbx.pageobject.Page$waitUntilElementIsClickable$0.call(Unknown Source)
	at com.disney.studio.qa.stbx.pageobject.accessors.Html5Accessor.clickElement(Html5Accessor.groovy:81)
	at com.disney.studio.qa.stbx.pageobject.accessors.Html5Accessor.clickElement(Html5Accessor.groovy)
	at com.disney.studio.qa.stbx.pageobject.accessors.Accessor$clickElement$0.callCurrent(Unknown Source)
	at com.disney.studio.qa.stbx.pageobject.accessors.Html5Accessor.clickLink(Html5Accessor.groovy:100)
	at com.disney.studio.qa.stbx.pageobject.accessors.Accessor$clickLink.call(Unknown Source)
	at com.disney.studio.qa.stbx.pageobject.Page.clickLink(Page.groovy:114)
	at com.disney.studio.qa.stbx.pageobject.Page$clickLink.callCurrent(Unknown Source)
	at studiotech.pages.DmaBasePage.clickDiscoverLink(DmaBasePage.groovy:81)
	at studiotech.pages.DmaBasePage$clickDiscoverLink.call(Unknown Source)
	at studiotech.dsl.DmaDSL.navigateToPage(DmaDSL.groovy:64)
	at studiotech.dsl.DmaDSL.navigateToPage(DmaDSL.groovy:53)
	at studiotech.dsl.DmaDSL$navigateToPage.call(Unknown Source)
	at studiotech.steps.NavigateSteps$_run_closure1.doCall(NavigateSteps.groovy:10)
	at cucumber.runtime.groovy.GroovyBackend.invoke(GroovyBackend.java:155)
	at cucumber.runtime.groovy.GroovyStepDefinition$1.call(GroovyStepDefinition.java:71)
	at cucumber.runtime.Timeout.timeout(Timeout.java:13)
	at cucumber.runtime.groovy.GroovyStepDefinition.execute(GroovyStepDefinition.java:68)
	at cucumber.runtime.StepDefinitionMatch.runStep(StepDefinitionMatch.java:37)
	at cucumber.runtime.Runtime.runStep(Runtime.java:299)
	at cucumber.runtime.model.StepContainer.runStep(StepContainer.java:44)
	at cucumber.runtime.model.StepContainer.runSteps(StepContainer.java:39)
	at cucumber.runtime.model.CucumberScenario.run(CucumberScenario.java:44)
	at cucumber.runtime.junit.ExecutionUnitRunner.run(ExecutionUnitRunner.java:91)
	at cucumber.runtime.junit.FeatureRunner.runChild(FeatureRunner.java:63)
	at cucumber.runtime.junit.FeatureRunner.runChild(FeatureRunner.java:18)
	at org.junit.runners.ParentRunner$3.run(ParentRunner.java:238)
	at org.junit.runners.ParentRunner$1.schedule(ParentRunner.java:63)
	at org.junit.runners.ParentRunner.runChildren(ParentRunner.java:236)
	at org.junit.runners.ParentRunner.access$000(ParentRunner.java:53)
	at org.junit.runners.ParentRunner$2.evaluate(ParentRunner.java:229)
	at org.junit.runners.ParentRunner.run(ParentRunner.java:309)
	at cucumber.runtime.junit.FeatureRunner.run(FeatureRunner.java:70)
	at cucumber.api.junit.Cucumber.runChild(Cucumber.java:93)
	at cucumber.api.junit.Cucumber.runChild(Cucumber.java:37)
	at org.junit.runners.ParentRunner$3.run(ParentRunner.java:238)
	at org.junit.runners.ParentRunner$1.schedule(ParentRunner.java:63)
	at org.junit.runners.ParentRunner.runChildren(ParentRunner.java:236)
	at org.junit.runners.ParentRunner.access$000(ParentRunner.java:53)
	at org.junit.runners.ParentRunner$2.evaluate(ParentRunner.java:229)
	at org.junit.runners.ParentRunner.run(ParentRunner.java:309)
	at cucumber.api.junit.Cucumber.run(Cucumber.java:98)
	at org.apache.maven.surefire.junit4.JUnit4Provider.execute(JUnit4Provider.java:252)
	at org.apache.maven.surefire.junit4.JUnit4Provider.executeTestSet(JUnit4Provider.java:141)
	at org.apache.maven.surefire.junit4.JUnit4Provider.invoke(JUnit4Provider.java:112)
	at org.apache.maven.surefire.util.ReflectionUtils.invokeMethodWithArray(ReflectionUtils.java:189)
	at org.apache.maven.surefire.booter.ProviderFactory$ProviderProxy.invoke(ProviderFactory.java:165)
	at org.apache.maven.surefire.booter.ProviderFactory.invokeProvider(ProviderFactory.java:85)
	at org.apache.maven.surefire.booter.ForkedBooter.runSuitesInProcess(ForkedBooter.java:115)
	at org.apache.maven.surefire.booter.ForkedBooter.main(ForkedBooter.java:75)
Caused by: org.openqa.selenium.NoSuchElementException: Unable to locate element: {"method":"css selector","selector":"li#nav-discover a"}
For documentation on this error, please visit: http://seleniumhq.org/exceptions/no_such_element.html
Build info: version: '2.47.1', revision: '411b314', time: '2015-07-30 03:03:16'
System info: host: 'chef', ip: '127.0.1.1', os.name: 'Linux', os.arch: 'i386', os.version: '3.13.0-32-generic', java.version: '1.8.0_60'
Driver info: driver.version: unknown
For documentation on this error, please visit: http://seleniumhq.org/exceptions/no_such_element.html
Build info: version: '2.45.0', revision: '5017cb8e7ca8e37638dc3091b2440b90a1d8686f', time: '2015-02-27 09:10:26'
System info: host: 'Sauces-MacBook-Air-2.local', ip: '10.35.5.153', os.name: 'Mac OS X', os.arch: 'x86_64', os.version: '10.10.5', java.version: '1.8.0_45'
Driver info: driver.version: unknown
	at <anonymous class>.FirefoxDriver.prototype.findElementInternal_(file:///tmp/anonymous1951905402085067634webdriver-profile/extensions/fxdriver@googlecode.com/components/driver-component.js:10667)
	at <anonymous class>.FirefoxDriver.prototype.findElement(file:///tmp/anonymous1951905402085067634webdriver-profile/extensions/fxdriver@googlecode.com/components/driver-component.js:10676)
	at <anonymous class>.DelayedCommand.prototype.executeInternal_/h(file:///tmp/anonymous1951905402085067634webdriver-profile/extensions/fxdriver@googlecode.com/components/command-processor.js:12643)
	at <anonymous class>.DelayedCommand.prototype.executeInternal_(file:///tmp/anonymous1951905402085067634webdriver-profile/extensions/fxdriver@googlecode.com/components/command-processor.js:12648)
	at <anonymous class>.DelayedCommand.prototype.execute/<(file:///tmp/anonymous1951905402085067634webdriver-profile/extensions/fxdriver@googlecode.com/components/command-processor.js:12590)
]]></failure>
</testcase>
</testsuite>
